This is pdfTeX, Version 3.141592653-2.6-1.40.26 (MiKTeX 24.3) (preloaded format=pdflatex 2025.1.8)  4 FEB 2025 17:51
entering extended mode
 \write18 enabled.
 %&-line parsing enabled.
**"E:/Classes/MAT2001/PPT/Lab MAT2001/Exp1.tex"
(E:/Classes/MAT2001/PPT/Lab MAT2001/Exp1.tex
LaTeX2e <2023-11-01> patch level 1
L3 programming layer <2024-03-14>
(C:\Users\Vinoth\AppData\Local\Programs\MiKTeX\tex/latex/base\article.cls
Document Class: article 2023/05/17 v1.4n Standard LaTeX document class
(C:\Users\Vinoth\AppData\Local\Programs\MiKTeX\tex/latex/base\size10.clo
File: size10.clo 2023/05/17 v1.4n Standard LaTeX file (size option)
)
\c@part=\count188
\c@section=\count189
\c@subsection=\count190
\c@subsubsection=\count191
\c@paragraph=\count192
\c@subparagraph=\count193
\c@figure=\count194
\c@table=\count195
\abovecaptionskip=\skip48
\belowcaptionskip=\skip49
\bibindent=\dimen140
) (C:\Users\Vinoth\AppData\Local\Programs\MiKTeX\tex/latex/graphics\graphicx.st
y
Package: graphicx 2021/09/16 v1.2d Enhanced LaTeX Graphics (DPC,SPQR)
(C:\Users\Vinoth\AppData\Local\Programs\MiKTeX\tex/latex/graphics\keyval.sty
Package: keyval 2022/05/29 v1.15 key=value parser (DPC)
\KV@toks@=\toks17
) (C:\Users\Vinoth\AppData\Local\Programs\MiKTeX\tex/latex/graphics\graphics.st
y
Package: graphics 2022/03/10 v1.4e Standard LaTeX Graphics (DPC,SPQR)
(C:\Users\Vinoth\AppData\Local\Programs\MiKTeX\tex/latex/graphics\trig.sty
Package: trig 2021/08/11 v1.11 sin cos tan (DPC)
)
(C:\Users\Vinoth\AppData\Local\Programs\MiKTeX\tex/latex/graphics-cfg\graphics.
cfg
File: graphics.cfg 2016/06/04 v1.11 sample graphics configuration
)
Package graphics Info: Driver file: pdftex.def on input line 107.

(C:\Users\Vinoth\AppData\Local\Programs\MiKTeX\tex/latex/graphics-def\pdftex.de
f
File: pdftex.def 2022/09/22 v1.2b Graphics/color driver for pdftex
))
\Gin@req@height=\dimen141
\Gin@req@width=\dimen142
) (C:\Users\Vinoth\AppData\Local\Programs\MiKTeX\tex/latex/xcolor\xcolor.sty
Package: xcolor 2023/11/15 v3.01 LaTeX color extensions (UK)

(C:\Users\Vinoth\AppData\Local\Programs\MiKTeX\tex/latex/graphics-cfg\color.cfg
File: color.cfg 2016/01/02 v1.6 sample color configuration
)
Package xcolor Info: Driver file: pdftex.def on input line 274.

(C:\Users\Vinoth\AppData\Local\Programs\MiKTeX\tex/latex/graphics\mathcolor.ltx
)
Package xcolor Info: Model `cmy' substituted by `cmy0' on input line 1350.
Package xcolor Info: Model `hsb' substituted by `rgb' on input line 1354.
Package xcolor Info: Model `RGB' extended on input line 1366.
Package xcolor Info: Model `HTML' substituted by `rgb' on input line 1368.
Package xcolor Info: Model `Hsb' substituted by `hsb' on input line 1369.
Package xcolor Info: Model `tHsb' substituted by `hsb' on input line 1370.
Package xcolor Info: Model `HSB' substituted by `hsb' on input line 1371.
Package xcolor Info: Model `Gray' substituted by `gray' on input line 1372.
Package xcolor Info: Model `wave' substituted by `hsb' on input line 1373.
) (C:\Users\Vinoth\AppData\Local\Programs\MiKTeX\tex/latex/framed\framed.sty
Package: framed 2011/10/22 v 0.96: framed or shaded text with page breaks
\OuterFrameSep=\skip50
\fb@frw=\dimen143
\fb@frh=\dimen144
\FrameRule=\dimen145
\FrameSep=\dimen146
) (C:\Users\Vinoth\AppData\Local\Programs\MiKTeX\tex/latex/base\alltt.sty
Package: alltt 2021/01/29 v2.0g defines alltt environment
) (C:\Users\Vinoth\AppData\Local\Programs\MiKTeX\tex/latex/upquote\upquote.sty
Package: upquote 2012/04/19 v1.3 upright-quote and grave-accent glyphs in verba
tim
)
(C:\Users\Vinoth\AppData\Local\Programs\MiKTeX\tex/latex/l3backend\l3backend-pd
ftex.def
File: l3backend-pdftex.def 2024-03-14 L3 backend support: PDF output (pdfTeX)
\l__color_backend_stack_int=\count196
\l__pdf_internal_box=\box51
) (Exp1.aux)
\openout1 = `Exp1.aux'.

LaTeX Font Info:    Checking defaults for OML/cmm/m/it on input line 55.
LaTeX Font Info:    ... okay on input line 55.
LaTeX Font Info:    Checking defaults for OMS/cmsy/m/n on input line 55.
LaTeX Font Info:    ... okay on input line 55.
LaTeX Font Info:    Checking defaults for OT1/cmr/m/n on input line 55.
LaTeX Font Info:    ... okay on input line 55.
LaTeX Font Info:    Checking defaults for T1/cmr/m/n on input line 55.
LaTeX Font Info:    ... okay on input line 55.
LaTeX Font Info:    Checking defaults for TS1/cmr/m/n on input line 55.
LaTeX Font Info:    ... okay on input line 55.
LaTeX Font Info:    Checking defaults for OMX/cmex/m/n on input line 55.
LaTeX Font Info:    ... okay on input line 55.
LaTeX Font Info:    Checking defaults for U/cmr/m/n on input line 55.
LaTeX Font Info:    ... okay on input line 55.

(C:\Users\Vinoth\AppData\Local\Programs\MiKTeX\tex/context/base/mkii\supp-pdf.m
kii
[Loading MPS to PDF converter (version 2006.09.02).]
\scratchcounter=\count197
\scratchdimen=\dimen147
\scratchbox=\box52
\nofMPsegments=\count198
\nofMParguments=\count199
\everyMPshowfont=\toks18
\MPscratchCnt=\count266
\MPscratchDim=\dimen148
\MPnumerator=\count267
\makeMPintoPDFobject=\count268
\everyMPtoPDFconversion=\toks19
)
(C:\Users\Vinoth\AppData\Local\Programs\MiKTeX\tex/latex/epstopdf-pkg\epstopdf-
base.sty
Package: epstopdf-base 2020-01-24 v2.11 Base part for package epstopdf
Package epstopdf-base Info: Redefining graphics rule for `.eps' on input line 4
85.

(C:\Users\Vinoth\AppData\Local\Programs\MiKTeX\tex/latex/00miktex\epstopdf-sys.
cfg
File: epstopdf-sys.cfg 2021/03/18 v2.0 Configuration of epstopdf for MiKTeX
))
LaTeX Font Info:    External font `cmex10' loaded for size
(Font)              <12> on input line 56.
LaTeX Font Info:    External font `cmex10' loaded for size
(Font)              <8> on input line 56.
LaTeX Font Info:    External font `cmex10' loaded for size
(Font)              <6> on input line 56.

LaTeX Warning: No \author given.


Overfull \hbox (13.43605pt too wide) in paragraph at lines 61--69
\OT1/cmr/m/n/10 course. Their ages were 18,19,19,19,19,20,20,20,20,20,21,21,21,
21,22,23,24,27,30,36.
 []

LaTeX Font Info:    Font shape `OT1/cmtt/bx/n' in size <10> not available
(Font)              Font shape `OT1/cmtt/m/n' tried instead on input line 71.

Overfull \hbox (6.74693pt too wide) in paragraph at lines 76--76
[]\OT1/cmtt/m/n/10 ##  [1] 18 19 19 19 19 20 20 20 20 20 21 21 21 21 22 23 24 2
7 30 36[] 
 []

[1

{C:/Users/Vinoth/AppData/Local/MiKTeX/fonts/map/pdftex/pdftex.map}]
LaTeX Font Info:    External font `cmex10' loaded for size
(Font)              <7> on input line 125.
LaTeX Font Info:    External font `cmex10' loaded for size
(Font)              <5> on input line 125.

Overfull \hbox (18.98296pt too wide) in paragraph at lines 290--290
[][]\OT1/cmtt/m/n/10 m[][]=[][]which[][](frequency[][]==[][]max[][](frequency))
[] []\OT1/cmtt/m/it/10 #serial number of the median class[][] 
 []

[2] [3] [4]
Overfull \hbox (4.00072pt too wide) in paragraph at lines 335--340
\OT1/cmr/m/n/10 An en-to-mol-o-gist study-ing mor-pho-log-i-cal vari-a-tion in 
species of mosquito recorded
 []


Overfull \hbox (18.98296pt too wide) in paragraph at lines 376--376
[][]\OT1/cmtt/m/it/10 # There is no separate command for Quartile deviation Mea
n deviation.[][] 
 []


Overfull \hbox (24.23291pt too wide) in paragraph at lines 377--377
[][]\OT1/cmtt/m/it/10 # We have to evaluate the expression coefficient of quart
ile deviation[][] 
 []


Overfull \hbox (6.74693pt too wide) in paragraph at lines 406--406
[]\OT1/cmtt/m/n/10 ##  [1] -0.13  0.07 -0.03  0.27 -0.33  0.17  0.37 -0.23 -0.1
3 -0.03[] 
 []

[5] [6]
Overfull \hbox (1.49698pt too wide) in paragraph at lines 469--469
[]\OT1/cmtt/m/n/10 ##  Min.   :2.760   Min.   :1.513   Min.   :14.50   Min.   :
0.0000[] 
 []


Overfull \hbox (1.49698pt too wide) in paragraph at lines 469--469
[]\OT1/cmtt/m/n/10 ##  1st Qu.:3.080   1st Qu.:2.581   1st Qu.:16.89   1st Qu.:
0.0000[] 
 []


Overfull \hbox (1.49698pt too wide) in paragraph at lines 469--469
[]\OT1/cmtt/m/n/10 ##  Median :3.695   Median :3.325   Median :17.71   Median :
0.0000[] 
 []


Overfull \hbox (1.49698pt too wide) in paragraph at lines 469--469
[]\OT1/cmtt/m/n/10 ##  Mean   :3.597   Mean   :3.217   Mean   :17.85   Mean   :
0.4375[] 
 []


Overfull \hbox (1.49698pt too wide) in paragraph at lines 469--469
[]\OT1/cmtt/m/n/10 ##  3rd Qu.:3.920   3rd Qu.:3.610   3rd Qu.:18.90   3rd Qu.:
1.0000[] 
 []


Overfull \hbox (1.49698pt too wide) in paragraph at lines 469--469
[]\OT1/cmtt/m/n/10 ##  Max.   :4.930   Max.   :5.424   Max.   :22.90   Max.   :
1.0000[] 
 []

<figure/my-1.pdf, id=26, 505.89pt x 505.89pt>
File: figure/my-1.pdf Graphic file (type pdf)
<use figure/my-1.pdf>
Package pdftex.def Info: figure/my-1.pdf  used on input line 476.
(pdftex.def)             Requested size: 345.0pt x 345.00414pt.

Overfull \hbox (15.0pt too wide) in paragraph at lines 476--477
[][] 
 []

[7]
Overfull \hbox (1.49698pt too wide) in paragraph at lines 479--479
[][]\OT1/cmtt/m/n/10 pie[][](tbl_1,[] []main[] []=[] []"Transmission Pie chart"
[][],[] []col[] []=[][]c[][]([][]^^Mblue^^M[][],[][]^^Mred^^M[][]) )[][] 
 []

<figure/my-2.pdf, id=31, 505.89pt x 505.89pt>
File: figure/my-2.pdf Graphic file (type pdf)
<use figure/my-2.pdf>
Package pdftex.def Info: figure/my-2.pdf  used on input line 484.
(pdftex.def)             Requested size: 345.0pt x 345.00414pt.

Overfull \hbox (15.0pt too wide) in paragraph at lines 484--485
[][] 
 []

[8 <./figure/my-1.pdf>]
<figure/my-3.pdf, id=41, 505.89pt x 505.89pt>
File: figure/my-3.pdf Graphic file (type pdf)
<use figure/my-3.pdf>
Package pdftex.def Info: figure/my-3.pdf  used on input line 491.
(pdftex.def)             Requested size: 345.0pt x 345.00414pt.

Overfull \hbox (15.0pt too wide) in paragraph at lines 491--492
[][] 
 []

[9 <./figure/my-2.pdf>]
<figure/my-4.pdf, id=51, 505.89pt x 505.89pt>
File: figure/my-4.pdf Graphic file (type pdf)
<use figure/my-4.pdf>
Package pdftex.def Info: figure/my-4.pdf  used on input line 497.
(pdftex.def)             Requested size: 345.0pt x 345.00414pt.

Overfull \hbox (15.0pt too wide) in paragraph at lines 497--498
[][] 
 []

[10 <./figure/my-3.pdf>]
<figure/my-5.pdf, id=61, 505.89pt x 505.89pt>
File: figure/my-5.pdf Graphic file (type pdf)
<use figure/my-5.pdf>
Package pdftex.def Info: figure/my-5.pdf  used on input line 503.
(pdftex.def)             Requested size: 345.0pt x 345.00414pt.

Overfull \hbox (15.0pt too wide) in paragraph at lines 503--505
[][]
 []

[11 <./figure/my-4.pdf>]
Overfull \hbox (36.74347pt too wide) in paragraph at lines 520--525
 [][] 
 []

[12 <./figure/my-5.pdf>] [13] (Exp1.aux)
 ***********
LaTeX2e <2023-11-01> patch level 1
L3 programming layer <2024-03-14>
 ***********
 ) 
Here is how much of TeX's memory you used:
 1986 strings out of 474424
 32634 string characters out of 5741268
 1950496 words of memory out of 5000000
 24346 multiletter control sequences out of 15000+600000
 562660 words of font info for 52 fonts, out of 8000000 for 9000
 1141 hyphenation exceptions out of 8191
 57i,9n,65p,492b,302s stack positions out of 10000i,1000n,20000p,200000b,200000s
<C:/Users/Vinoth/AppData/Local/Programs/MiKTeX/fonts/type1/public/amsfonts/cm
/cmbx10.pfb><C:/Users/Vinoth/AppData/Local/Programs/MiKTeX/fonts/type1/public/a
msfonts/cm/cmbx12.pfb><C:/Users/Vinoth/AppData/Local/Programs/MiKTeX/fonts/type
1/public/amsfonts/cm/cmitt10.pfb><C:/Users/Vinoth/AppData/Local/Programs/MiKTeX
/fonts/type1/public/amsfonts/cm/cmr10.pfb><C:/Users/Vinoth/AppData/Local/Progra
ms/MiKTeX/fonts/type1/public/amsfonts/cm/cmr17.pfb><C:/Users/Vinoth/AppData/Loc
al/Programs/MiKTeX/fonts/type1/public/amsfonts/cm/cmtt10.pfb>
Output written on Exp1.pdf (13 pages, 130977 bytes).
PDF statistics:
 110 PDF objects out of 1000 (max. 8388607)
 0 named destinations out of 1000 (max. 500000)
 26 words of extra memory for PDF output out of 10000 (max. 10000000)

