This is pdfTeX, Version 3.141592653-2.6-1.40.27 (MiKTeX 25.3) (preloaded format=pdflatex 2025.3.25)  4 APR 2025 10:32
entering extended mode
 \write18 enabled.
 %&-line parsing enabled.
**"E:/Classes/MAT2001/PPT/Lab MAT2001/Exp4.tex"
(E:/Classes/MAT2001/PPT/Lab MAT2001/Exp4.tex
LaTeX2e <2024-11-01> patch level 2
L3 programming layer <2025-01-18>
(C:\Program Files\MiKTeX\tex/latex/base\article.cls
Document Class: article 2024/06/29 v1.4n Standard LaTeX document class
(C:\Program Files\MiKTeX\tex/latex/base\size10.clo
File: size10.clo 2024/06/29 v1.4n Standard LaTeX file (size option)
)
\c@part=\count196
\c@section=\count197
\c@subsection=\count198
\c@subsubsection=\count199
\c@paragraph=\count266
\c@subparagraph=\count267
\c@figure=\count268
\c@table=\count269
\abovecaptionskip=\skip49
\belowcaptionskip=\skip50
\bibindent=\dimen141
) (C:\Program Files\MiKTeX\tex/latex/graphics\graphicx.sty
Package: graphicx 2021/09/16 v1.2d Enhanced LaTeX Graphics (DPC,SPQR)
(C:\Program Files\MiKTeX\tex/latex/graphics\keyval.sty
Package: keyval 2022/05/29 v1.15 key=value parser (DPC)
\KV@toks@=\toks17
) (C:\Program Files\MiKTeX\tex/latex/graphics\graphics.sty
Package: graphics 2024/08/06 v1.4g Standard LaTeX Graphics (DPC,SPQR)
(C:\Program Files\MiKTeX\tex/latex/graphics\trig.sty
Package: trig 2023/12/02 v1.11 sin cos tan (DPC)
) (C:\Program Files\MiKTeX\tex/latex/graphics-cfg\graphics.cfg
File: graphics.cfg 2016/06/04 v1.11 sample graphics configuration
)
Package graphics Info: Driver file: pdftex.def on input line 106.
(C:\Program Files\MiKTeX\tex/latex/graphics-def\pdftex.def
File: pdftex.def 2024/04/13 v1.2c Graphics/color driver for pdftex
))
\Gin@req@height=\dimen142
\Gin@req@width=\dimen143
) (C:\Program Files\MiKTeX\tex/latex/xcolor\xcolor.sty
Package: xcolor 2024/09/29 v3.02 LaTeX color extensions (UK)
(C:\Program Files\MiKTeX\tex/latex/graphics-cfg\color.cfg
File: color.cfg 2016/01/02 v1.6 sample color configuration
)
Package xcolor Info: Driver file: pdftex.def on input line 274.
(C:\Program Files\MiKTeX\tex/latex/graphics\mathcolor.ltx)
Package xcolor Info: Model `cmy' substituted by `cmy0' on input line 1349.
Package xcolor Info: Model `hsb' substituted by `rgb' on input line 1353.
Package xcolor Info: Model `RGB' extended on input line 1365.
Package xcolor Info: Model `HTML' substituted by `rgb' on input line 1367.
Package xcolor Info: Model `Hsb' substituted by `hsb' on input line 1368.
Package xcolor Info: Model `tHsb' substituted by `hsb' on input line 1369.
Package xcolor Info: Model `HSB' substituted by `hsb' on input line 1370.
Package xcolor Info: Model `Gray' substituted by `gray' on input line 1371.
Package xcolor Info: Model `wave' substituted by `hsb' on input line 1372.
) (C:\Program Files\MiKTeX\tex/latex/framed\framed.sty
Package: framed 2011/10/22 v 0.96: framed or shaded text with page breaks
\OuterFrameSep=\skip51
\fb@frw=\dimen144
\fb@frh=\dimen145
\FrameRule=\dimen146
\FrameSep=\dimen147
) (C:\Program Files\MiKTeX\tex/latex/base\alltt.sty
Package: alltt 2024/07/07 v2.0g defines alltt environment
) (C:\Program Files\MiKTeX\tex/latex/upquote\upquote.sty
Package: upquote 2012/04/19 v1.3 upright-quote and grave-accent glyphs in verba
tim
) (C:\Program Files\MiKTeX\tex/latex/l3backend\l3backend-pdftex.def
File: l3backend-pdftex.def 2024-05-08 L3 backend support: PDF output (pdfTeX)
\l__color_backend_stack_int=\count270
\l__pdf_internal_box=\box52
) (Exp4.aux)
\openout1 = `Exp4.aux'.

LaTeX Font Info:    Checking defaults for OML/cmm/m/it on input line 55.
LaTeX Font Info:    ... okay on input line 55.
LaTeX Font Info:    Checking defaults for OMS/cmsy/m/n on input line 55.
LaTeX Font Info:    ... okay on input line 55.
LaTeX Font Info:    Checking defaults for OT1/cmr/m/n on input line 55.
LaTeX Font Info:    ... okay on input line 55.
LaTeX Font Info:    Checking defaults for T1/cmr/m/n on input line 55.
LaTeX Font Info:    ... okay on input line 55.
LaTeX Font Info:    Checking defaults for TS1/cmr/m/n on input line 55.
LaTeX Font Info:    ... okay on input line 55.
LaTeX Font Info:    Checking defaults for OMX/cmex/m/n on input line 55.
LaTeX Font Info:    ... okay on input line 55.
LaTeX Font Info:    Checking defaults for U/cmr/m/n on input line 55.
LaTeX Font Info:    ... okay on input line 55.
(C:\Program Files\MiKTeX\tex/context/base/mkii\supp-pdf.mkii
[Loading MPS to PDF converter (version 2006.09.02).]
\scratchcounter=\count271
\scratchdimen=\dimen148
\scratchbox=\box53
\nofMPsegments=\count272
\nofMParguments=\count273
\everyMPshowfont=\toks18
\MPscratchCnt=\count274
\MPscratchDim=\dimen149
\MPnumerator=\count275
\makeMPintoPDFobject=\count276
\everyMPtoPDFconversion=\toks19
) (C:\Program Files\MiKTeX\tex/latex/epstopdf-pkg\epstopdf-base.sty
Package: epstopdf-base 2020-01-24 v2.11 Base part for package epstopdf
Package epstopdf-base Info: Redefining graphics rule for `.eps' on input line 4
85.
(C:\Program Files\MiKTeX\tex/latex/00miktex\epstopdf-sys.cfg
File: epstopdf-sys.cfg 2021/03/18 v2.0 Configuration of epstopdf for MiKTeX
))
LaTeX Font Info:    External font `cmex10' loaded for size
(Font)              <12> on input line 56.
LaTeX Font Info:    External font `cmex10' loaded for size
(Font)              <8> on input line 56.
LaTeX Font Info:    External font `cmex10' loaded for size
(Font)              <6> on input line 56.

LaTeX Warning: No \author given.

LaTeX Font Info:    Font shape `OT1/cmtt/bx/n' in size <10> not available
(Font)              Font shape `OT1/cmtt/m/n' tried instead on input line 64.

Overfull \hbox (11.99689pt too wide) in paragraph at lines 90--90
[]\OT1/cmtt/m/n/10 ## Error in sample.int(length(x), size, replace, prob): cann
ot take
 []


Overfull \hbox (69.74638pt too wide) in paragraph at lines 102--102
[]\OT1/cmtt/m/n/10 ##  [1] "1 1" "2 1" "3 1" "4 1" "5 1" "6 1" "1 2" "2 2" "3 2
" "4 2" "5 2" "6 2"[] 
 []


Overfull \hbox (69.74638pt too wide) in paragraph at lines 102--102
[]\OT1/cmtt/m/n/10 ## [13] "1 3" "2 3" "3 3" "4 3" "5 3" "6 3" "1 4" "2 4" "3 4
" "4 4" "5 4" "6 4"[] 
 []


Overfull \hbox (69.74638pt too wide) in paragraph at lines 102--102
[]\OT1/cmtt/m/n/10 ## [25] "1 5" "2 5" "3 5" "4 5" "5 5" "6 5" "1 6" "2 6" "3 6
" "4 6" "5 6" "6 6"[] 
 []



[1

{C:/Users/Vinoth/AppData/Local/MiKTeX/fonts/map/pdftex/pdftex.map}]
LaTeX Font Info:    External font `cmex10' loaded for size
(Font)              <7> on input line 142.
LaTeX Font Info:    External font `cmex10' loaded for size
(Font)              <5> on input line 142.


[2]

[3]
<figure/unnamed-chunk-14-1.pdf, id=20, 505.89pt x 505.89pt>
File: figure/unnamed-chunk-14-1.pdf Graphic file (type pdf)
<use figure/unnamed-chunk-14-1.pdf>
Package pdftex.def Info: figure/unnamed-chunk-14-1.pdf  used on input line 270.

(pdftex.def)             Requested size: 345.0pt x 345.00414pt.

Overfull \hbox (15.0pt too wide) in paragraph at lines 270--273
[][]
 []



[4 <./figure/unnamed-chunk-14-1.pdf>]
<figure/unnamed-chunk-15-1.pdf, id=29, 505.89pt x 505.89pt>
File: figure/unnamed-chunk-15-1.pdf Graphic file (type pdf)
<use figure/unnamed-chunk-15-1.pdf>
Package pdftex.def Info: figure/unnamed-chunk-15-1.pdf  used on input line 279.

(pdftex.def)             Requested size: 345.0pt x 345.00414pt.

Overfull \hbox (15.0pt too wide) in paragraph at lines 279--288
[][]
 []



[5 <./figure/unnamed-chunk-15-1.pdf>]
Overfull \hbox (27.74675pt too wide) in paragraph at lines 322--322
[]\OT1/cmtt/m/n/10 ## [1] 1.334839e-01 3.114624e-01 3.114624e-01 1.730347e-01 5
.767822e-02[] 
 []



[6]
Overfull \hbox (64.49643pt too wide) in paragraph at lines 384--384
[]\OT1/cmtt/m/n/10 ## [1] 0.000911882 0.006383174 0.022341108 0.052129252 0.091
226192 0.127716668[] 
 []



[7]
Overfull \hbox (32.9967pt too wide) in paragraph at lines 447--447
[]\OT1/cmtt/m/n/10 ##  [1] 1.353353e-01 2.706706e-01 2.706706e-01 1.804470e-01 
9.022352e-02[] 
 []


Overfull \hbox (32.9967pt too wide) in paragraph at lines 447--447
[]\OT1/cmtt/m/n/10 ##  [6] 3.608941e-02 1.202980e-02 3.437087e-03 8.592716e-04 
1.909493e-04[] 
 []


Overfull \hbox (38.24666pt too wide) in paragraph at lines 484--484
[]\OT1/cmtt/m/n/10 ##  [1] 0.135 0.271 0.271 0.180 0.090 0.036 0.012 0.003 0.00
1 0.000 0.000[] 
 []



[8]
<figure/unnamed-chunk-29-1.pdf, id=48, 505.89pt x 505.89pt>
File: figure/unnamed-chunk-29-1.pdf Graphic file (type pdf)
<use figure/unnamed-chunk-29-1.pdf>
Package pdftex.def Info: figure/unnamed-chunk-29-1.pdf  used on input line 546.

(pdftex.def)             Requested size: 345.0pt x 345.00414pt.

Overfull \hbox (15.0pt too wide) in paragraph at lines 546--548
[][]
 []



[9]

[10 <./figure/unnamed-chunk-29-1.pdf>] (Exp4.aux)
 ***********
LaTeX2e <2024-11-01> patch level 2
L3 programming layer <2025-01-18>
 ***********
 ) 
Here is how much of TeX's memory you used:
 1972 strings out of 473523
 31524 string characters out of 5724694
 435304 words of memory out of 5000000
 25212 multiletter control sequences out of 15000+600000
 563455 words of font info for 52 fonts, out of 8000000 for 9000
 1141 hyphenation exceptions out of 8191
 57i,6n,65p,339b,299s stack positions out of 10000i,1000n,20000p,200000b,200000s
 <C:\Users\Vinoth\AppData\Local\MiKTeX\fonts/pk/ljfour/jknappen/ec/dpi600\tcr
m1000.pk><C:/Program Files/MiKTeX/fonts/type1/public/amsfonts/cm/cmbx12.pfb><C:
/Program Files/MiKTeX/fonts/type1/public/amsfonts/cm/cmitt10.pfb><C:/Program Fi
les/MiKTeX/fonts/type1/public/amsfonts/cm/cmmi10.pfb><C:/Program Files/MiKTeX/f
onts/type1/public/amsfonts/cm/cmmi7.pfb><C:/Program Files/MiKTeX/fonts/type1/pu
blic/amsfonts/cm/cmr10.pfb><C:/Program Files/MiKTeX/fonts/type1/public/amsfonts
/cm/cmr17.pfb><C:/Program Files/MiKTeX/fonts/type1/public/amsfonts/cm/cmsy10.pf
b><C:/Program Files/MiKTeX/fonts/type1/public/amsfonts/cm/cmtt10.pfb>
Output written on Exp4.pdf (10 pages, 139885 bytes).
PDF statistics:
 99 PDF objects out of 1000 (max. 8388607)
 0 named destinations out of 1000 (max. 500000)
 16 words of extra memory for PDF output out of 10000 (max. 10000000)

