This is pdfTeX, Version 3.141592653-2.6-1.40.27 (MiKTeX 25.3) (preloaded format=pdflatex 2025.3.25)  25 MAR 2025 06:44
entering extended mode
 \write18 enabled.
 %&-line parsing enabled.
**"E:/Classes/MAT2001/PPT/Lab MAT2001/Exp5.tex"
(E:/Classes/MAT2001/PPT/Lab MAT2001/Exp5.tex
LaTeX2e <2024-11-01> patch level 2
L3 programming layer <2025-01-18>
(C:\Program Files\MiKTeX\tex/latex/base\article.cls
Document Class: article 2024/06/29 v1.4n Standard LaTeX document class
(C:\Program Files\MiKTeX\tex/latex/base\size10.clo
File: size10.clo 2024/06/29 v1.4n Standard LaTeX file (size option)
)
\c@part=\count196
\c@section=\count197
\c@subsection=\count198
\c@subsubsection=\count199
\c@paragraph=\count266
\c@subparagraph=\count267
\c@figure=\count268
\c@table=\count269
\abovecaptionskip=\skip49
\belowcaptionskip=\skip50
\bibindent=\dimen141
) (C:\Program Files\MiKTeX\tex/latex/graphics\graphicx.sty
Package: graphicx 2021/09/16 v1.2d Enhanced LaTeX Graphics (DPC,SPQR)
(C:\Program Files\MiKTeX\tex/latex/graphics\keyval.sty
Package: keyval 2022/05/29 v1.15 key=value parser (DPC)
\KV@toks@=\toks17
) (C:\Program Files\MiKTeX\tex/latex/graphics\graphics.sty
Package: graphics 2024/08/06 v1.4g Standard LaTeX Graphics (DPC,SPQR)
(C:\Program Files\MiKTeX\tex/latex/graphics\trig.sty
Package: trig 2023/12/02 v1.11 sin cos tan (DPC)
) (C:\Program Files\MiKTeX\tex/latex/graphics-cfg\graphics.cfg
File: graphics.cfg 2016/06/04 v1.11 sample graphics configuration
)
Package graphics Info: Driver file: pdftex.def on input line 106.
(C:\Program Files\MiKTeX\tex/latex/graphics-def\pdftex.def
File: pdftex.def 2024/04/13 v1.2c Graphics/color driver for pdftex
))
\Gin@req@height=\dimen142
\Gin@req@width=\dimen143
) (C:\Program Files\MiKTeX\tex/latex/xcolor\xcolor.sty
Package: xcolor 2024/09/29 v3.02 LaTeX color extensions (UK)
(C:\Program Files\MiKTeX\tex/latex/graphics-cfg\color.cfg
File: color.cfg 2016/01/02 v1.6 sample color configuration
)
Package xcolor Info: Driver file: pdftex.def on input line 274.
(C:\Program Files\MiKTeX\tex/latex/graphics\mathcolor.ltx)
Package xcolor Info: Model `cmy' substituted by `cmy0' on input line 1349.
Package xcolor Info: Model `hsb' substituted by `rgb' on input line 1353.
Package xcolor Info: Model `RGB' extended on input line 1365.
Package xcolor Info: Model `HTML' substituted by `rgb' on input line 1367.
Package xcolor Info: Model `Hsb' substituted by `hsb' on input line 1368.
Package xcolor Info: Model `tHsb' substituted by `hsb' on input line 1369.
Package xcolor Info: Model `HSB' substituted by `hsb' on input line 1370.
Package xcolor Info: Model `Gray' substituted by `gray' on input line 1371.
Package xcolor Info: Model `wave' substituted by `hsb' on input line 1372.
) (C:\Program Files\MiKTeX\tex/latex/framed\framed.sty
Package: framed 2011/10/22 v 0.96: framed or shaded text with page breaks
\OuterFrameSep=\skip51
\fb@frw=\dimen144
\fb@frh=\dimen145
\FrameRule=\dimen146
\FrameSep=\dimen147
) (C:\Program Files\MiKTeX\tex/latex/base\alltt.sty
Package: alltt 2024/07/07 v2.0g defines alltt environment
) (C:\Program Files\MiKTeX\tex/latex/upquote\upquote.sty
Package: upquote 2012/04/19 v1.3 upright-quote and grave-accent glyphs in verba
tim
) (C:\Program Files\MiKTeX\tex/latex/l3backend\l3backend-pdftex.def
File: l3backend-pdftex.def 2024-05-08 L3 backend support: PDF output (pdfTeX)
\l__color_backend_stack_int=\count270
\l__pdf_internal_box=\box52
) (Exp5.aux)
\openout1 = `Exp5.aux'.

LaTeX Font Info:    Checking defaults for OML/cmm/m/it on input line 55.
LaTeX Font Info:    ... okay on input line 55.
LaTeX Font Info:    Checking defaults for OMS/cmsy/m/n on input line 55.
LaTeX Font Info:    ... okay on input line 55.
LaTeX Font Info:    Checking defaults for OT1/cmr/m/n on input line 55.
LaTeX Font Info:    ... okay on input line 55.
LaTeX Font Info:    Checking defaults for T1/cmr/m/n on input line 55.
LaTeX Font Info:    ... okay on input line 55.
LaTeX Font Info:    Checking defaults for TS1/cmr/m/n on input line 55.
LaTeX Font Info:    ... okay on input line 55.
LaTeX Font Info:    Checking defaults for OMX/cmex/m/n on input line 55.
LaTeX Font Info:    ... okay on input line 55.
LaTeX Font Info:    Checking defaults for U/cmr/m/n on input line 55.
LaTeX Font Info:    ... okay on input line 55.
(C:\Program Files\MiKTeX\tex/context/base/mkii\supp-pdf.mkii
[Loading MPS to PDF converter (version 2006.09.02).]
\scratchcounter=\count271
\scratchdimen=\dimen148
\scratchbox=\box53
\nofMPsegments=\count272
\nofMParguments=\count273
\everyMPshowfont=\toks18
\MPscratchCnt=\count274
\MPscratchDim=\dimen149
\MPnumerator=\count275
\makeMPintoPDFobject=\count276
\everyMPtoPDFconversion=\toks19
) (C:\Program Files\MiKTeX\tex/latex/epstopdf-pkg\epstopdf-base.sty
Package: epstopdf-base 2020-01-24 v2.11 Base part for package epstopdf
Package epstopdf-base Info: Redefining graphics rule for `.eps' on input line 4
85.
(C:\Program Files\MiKTeX\tex/latex/00miktex\epstopdf-sys.cfg
File: epstopdf-sys.cfg 2021/03/18 v2.0 Configuration of epstopdf for MiKTeX
))
LaTeX Font Info:    External font `cmex10' loaded for size
(Font)              <12> on input line 56.
LaTeX Font Info:    External font `cmex10' loaded for size
(Font)              <8> on input line 56.
LaTeX Font Info:    External font `cmex10' loaded for size
(Font)              <6> on input line 56.

LaTeX Warning: No \author given.


Underfull \hbox (badness 10000) in paragraph at lines 70--76

 []

LaTeX Font Info:    Font shape `OT1/cmtt/bx/n' in size <10> not available
(Font)              Font shape `OT1/cmtt/m/n' tried instead on input line 84.

Overfull \hbox (74.99634pt too wide) in paragraph at lines 105--105
[]\OT1/cmtt/m/n/10 ##   [1] -10.0  -9.9  -9.8  -9.7  -9.6  -9.5  -9.4  -9.3  -9
.2  -9.1  -9.0  -8.9[] 
 []


Overfull \hbox (74.99634pt too wide) in paragraph at lines 105--105
[]\OT1/cmtt/m/n/10 ##  [13]  -8.8  -8.7  -8.6  -8.5  -8.4  -8.3  -8.2  -8.1  -8
.0  -7.9  -7.8  -7.7[] 
 []


Overfull \hbox (74.99634pt too wide) in paragraph at lines 105--105
[]\OT1/cmtt/m/n/10 ##  [25]  -7.6  -7.5  -7.4  -7.3  -7.2  -7.1  -7.0  -6.9  -6
.8  -6.7  -6.6  -6.5[] 
 []


Overfull \hbox (74.99634pt too wide) in paragraph at lines 105--105
[]\OT1/cmtt/m/n/10 ##  [37]  -6.4  -6.3  -6.2  -6.1  -6.0  -5.9  -5.8  -5.7  -5
.6  -5.5  -5.4  -5.3[] 
 []


Overfull \hbox (74.99634pt too wide) in paragraph at lines 105--105
[]\OT1/cmtt/m/n/10 ##  [49]  -5.2  -5.1  -5.0  -4.9  -4.8  -4.7  -4.6  -4.5  -4
.4  -4.3  -4.2  -4.1[] 
 []


Overfull \hbox (74.99634pt too wide) in paragraph at lines 105--105
[]\OT1/cmtt/m/n/10 ##  [61]  -4.0  -3.9  -3.8  -3.7  -3.6  -3.5  -3.4  -3.3  -3
.2  -3.1  -3.0  -2.9[] 
 []


Overfull \hbox (74.99634pt too wide) in paragraph at lines 105--105
[]\OT1/cmtt/m/n/10 ##  [73]  -2.8  -2.7  -2.6  -2.5  -2.4  -2.3  -2.2  -2.1  -2
.0  -1.9  -1.8  -1.7[] 
 []


Overfull \hbox (74.99634pt too wide) in paragraph at lines 105--105
[]\OT1/cmtt/m/n/10 ##  [85]  -1.6  -1.5  -1.4  -1.3  -1.2  -1.1  -1.0  -0.9  -0
.8  -0.7  -0.6  -0.5[] 
 []


Overfull \hbox (74.99634pt too wide) in paragraph at lines 105--105
[]\OT1/cmtt/m/n/10 ##  [97]  -0.4  -0.3  -0.2  -0.1   0.0   0.1   0.2   0.3   0
.4   0.5   0.6   0.7[] 
 []


Overfull \hbox (74.99634pt too wide) in paragraph at lines 105--105
[]\OT1/cmtt/m/n/10 ## [109]   0.8   0.9   1.0   1.1   1.2   1.3   1.4   1.5   1
.6   1.7   1.8   1.9[] 
 []


Overfull \hbox (74.99634pt too wide) in paragraph at lines 105--105
[]\OT1/cmtt/m/n/10 ## [121]   2.0   2.1   2.2   2.3   2.4   2.5   2.6   2.7   2
.8   2.9   3.0   3.1[] 
 []


Overfull \hbox (74.99634pt too wide) in paragraph at lines 105--105
[]\OT1/cmtt/m/n/10 ## [133]   3.2   3.3   3.4   3.5   3.6   3.7   3.8   3.9   4
.0   4.1   4.2   4.3[] 
 []


Overfull \hbox (74.99634pt too wide) in paragraph at lines 105--105
[]\OT1/cmtt/m/n/10 ## [145]   4.4   4.5   4.6   4.7   4.8   4.9   5.0   5.1   5
.2   5.3   5.4   5.5[] 
 []


Overfull \hbox (74.99634pt too wide) in paragraph at lines 105--105
[]\OT1/cmtt/m/n/10 ## [157]   5.6   5.7   5.8   5.9   6.0   6.1   6.2   6.3   6
.4   6.5   6.6   6.7[] 
 []


Overfull \hbox (74.99634pt too wide) in paragraph at lines 105--105
[]\OT1/cmtt/m/n/10 ## [169]   6.8   6.9   7.0   7.1   7.2   7.3   7.4   7.5   7
.6   7.7   7.8   7.9[] 
 []


Overfull \hbox (74.99634pt too wide) in paragraph at lines 105--105
[]\OT1/cmtt/m/n/10 ## [181]   8.0   8.1   8.2   8.3   8.4   8.5   8.6   8.7   8
.8   8.9   9.0   9.1[] 
 []



[1

{C:/Users/Vinoth/AppData/Local/MiKTeX/fonts/map/pdftex/pdftex.map}]
<figure/unnamed-chunk-1-1.pdf, id=10, 505.89pt x 505.89pt>
File: figure/unnamed-chunk-1-1.pdf Graphic file (type pdf)
<use figure/unnamed-chunk-1-1.pdf>
Package pdftex.def Info: figure/unnamed-chunk-1-1.pdf  used on input line 111.
(pdftex.def)             Requested size: 345.0pt x 345.00414pt.

Overfull \hbox (15.0pt too wide) in paragraph at lines 111--118
[][]
 []



[2]
<figure/unnamed-chunk-2-1.pdf, id=14, 505.89pt x 505.89pt>
File: figure/unnamed-chunk-2-1.pdf Graphic file (type pdf)
<use figure/unnamed-chunk-2-1.pdf>
Package pdftex.def Info: figure/unnamed-chunk-2-1.pdf  used on input line 125.
(pdftex.def)             Requested size: 345.0pt x 345.00414pt.

Overfull \hbox (15.0pt too wide) in paragraph at lines 125--132
[][]
 []



[3 <./figure/unnamed-chunk-1-1.pdf>]
<figure/unnamed-chunk-3-1.pdf, id=23, 505.89pt x 505.89pt>
File: figure/unnamed-chunk-3-1.pdf Graphic file (type pdf)
<use figure/unnamed-chunk-3-1.pdf>
Package pdftex.def Info: figure/unnamed-chunk-3-1.pdf  used on input line 139.
(pdftex.def)             Requested size: 345.0pt x 345.00414pt.

Overfull \hbox (15.0pt too wide) in paragraph at lines 139--146
[][]
 []



[4 <./figure/unnamed-chunk-2-1.pdf>]
<figure/unnamed-chunk-4-1.pdf, id=32, 505.89pt x 505.89pt>
File: figure/unnamed-chunk-4-1.pdf Graphic file (type pdf)
<use figure/unnamed-chunk-4-1.pdf>
Package pdftex.def Info: figure/unnamed-chunk-4-1.pdf  used on input line 152.
(pdftex.def)             Requested size: 345.0pt x 345.00414pt.

Overfull \hbox (15.0pt too wide) in paragraph at lines 152--154
[][]
 []



[5 <./figure/unnamed-chunk-3-1.pdf>]
<figure/unnamed-chunk-5-1.pdf, id=41, 505.89pt x 505.89pt>
File: figure/unnamed-chunk-5-1.pdf Graphic file (type pdf)
<use figure/unnamed-chunk-5-1.pdf>
Package pdftex.def Info: figure/unnamed-chunk-5-1.pdf  used on input line 166.
(pdftex.def)             Requested size: 345.0pt x 345.00414pt.

Overfull \hbox (15.0pt too wide) in paragraph at lines 166--171
[][]
 []



[6 <./figure/unnamed-chunk-4-1.pdf>]
<figure/unnamed-chunk-6-1.pdf, id=51, 505.89pt x 505.89pt>
File: figure/unnamed-chunk-6-1.pdf Graphic file (type pdf)
<use figure/unnamed-chunk-6-1.pdf>
Package pdftex.def Info: figure/unnamed-chunk-6-1.pdf  used on input line 181.
(pdftex.def)             Requested size: 345.0pt x 345.00414pt.

Overfull \hbox (15.0pt too wide) in paragraph at lines 181--182
[][] 
 []



[7 <./figure/unnamed-chunk-5-1.pdf>]
<figure/unnamed-chunk-7-1.pdf, id=61, 505.89pt x 505.89pt>
File: figure/unnamed-chunk-7-1.pdf Graphic file (type pdf)
<use figure/unnamed-chunk-7-1.pdf>
Package pdftex.def Info: figure/unnamed-chunk-7-1.pdf  used on input line 206.
(pdftex.def)             Requested size: 345.0pt x 345.00414pt.

Overfull \hbox (15.0pt too wide) in paragraph at lines 206--207
[][] 
 []



[8 <./figure/unnamed-chunk-6-1.pdf>]
<figure/unnamed-chunk-8-1.pdf, id=71, 505.89pt x 505.89pt>
File: figure/unnamed-chunk-8-1.pdf Graphic file (type pdf)
<use figure/unnamed-chunk-8-1.pdf>
Package pdftex.def Info: figure/unnamed-chunk-8-1.pdf  used on input line 228.
(pdftex.def)             Requested size: 345.0pt x 345.00414pt.

Overfull \hbox (15.0pt too wide) in paragraph at lines 228--229
[][] 
 []



[9 <./figure/unnamed-chunk-7-1.pdf>]

[10 <./figure/unnamed-chunk-8-1.pdf>]
<figure/unnamed-chunk-9-1.pdf, id=88, 505.89pt x 505.89pt>
File: figure/unnamed-chunk-9-1.pdf Graphic file (type pdf)
<use figure/unnamed-chunk-9-1.pdf>
Package pdftex.def Info: figure/unnamed-chunk-9-1.pdf  used on input line 252.
(pdftex.def)             Requested size: 345.0pt x 345.00414pt.

Overfull \hbox (15.0pt too wide) in paragraph at lines 252--256
[][]
 []

<figure/unnamed-chunk-10-1.pdf, id=89, 505.89pt x 505.89pt>
File: figure/unnamed-chunk-10-1.pdf Graphic file (type pdf)
<use figure/unnamed-chunk-10-1.pdf>
Package pdftex.def Info: figure/unnamed-chunk-10-1.pdf  used on input line 268.

(pdftex.def)             Requested size: 345.0pt x 345.00414pt.

Overfull \hbox (15.0pt too wide) in paragraph at lines 268--269
[][] 
 []



[11 <./figure/unnamed-chunk-9-1.pdf>]
LaTeX Font Info:    External font `cmex10' loaded for size
(Font)              <7> on input line 283.
LaTeX Font Info:    External font `cmex10' loaded for size
(Font)              <5> on input line 283.


[12 <./figure/unnamed-chunk-10-1.pdf>]
<figure/unnamed-chunk-11-1.pdf, id=107, 505.89pt x 505.89pt>
File: figure/unnamed-chunk-11-1.pdf Graphic file (type pdf)
<use figure/unnamed-chunk-11-1.pdf>
Package pdftex.def Info: figure/unnamed-chunk-11-1.pdf  used on input line 297.

(pdftex.def)             Requested size: 345.0pt x 345.00414pt.

Overfull \hbox (15.0pt too wide) in paragraph at lines 297--299
[][]
 []

<figure/unnamed-chunk-12-1.pdf, id=108, 505.89pt x 505.89pt>
File: figure/unnamed-chunk-12-1.pdf Graphic file (type pdf)
<use figure/unnamed-chunk-12-1.pdf>
Package pdftex.def Info: figure/unnamed-chunk-12-1.pdf  used on input line 319.

(pdftex.def)             Requested size: 345.0pt x 345.00414pt.

Overfull \hbox (15.0pt too wide) in paragraph at lines 319--323
[][]
 []



[13 <./figure/unnamed-chunk-11-1.pdf>]
<figure/unnamed-chunk-13-1.pdf, id=119, 505.89pt x 505.89pt>
File: figure/unnamed-chunk-13-1.pdf Graphic file (type pdf)
<use figure/unnamed-chunk-13-1.pdf>
Package pdftex.def Info: figure/unnamed-chunk-13-1.pdf  used on input line 340.

(pdftex.def)             Requested size: 345.0pt x 345.00414pt.

Overfull \hbox (15.0pt too wide) in paragraph at lines 340--344
[][]
 []



[14 <./figure/unnamed-chunk-12-1.pdf>]
Overfull \hbox (27.74675pt too wide) in paragraph at lines 347--347
[][]\OT1/cmtt/m/n/10 plot[][](x,[][]dnorm[][](x,[][]0[][],[][]1[][]),[][]xlab[]
[]=[][]"x"[][],[] []ylab[][]=[][]"f(x)"[][],[] []type[][]=[][]^^Ml^^M[][],[] []
main[][]=[][]"Normal PDF"[][])[][] 
 []

<figure/unnamed-chunk-14-1.pdf, id=128, 505.89pt x 505.89pt>
File: figure/unnamed-chunk-14-1.pdf Graphic file (type pdf)
<use figure/unnamed-chunk-14-1.pdf>
Package pdftex.def Info: figure/unnamed-chunk-14-1.pdf  used on input line 350.

(pdftex.def)             Requested size: 345.0pt x 345.00414pt.

Overfull \hbox (15.0pt too wide) in paragraph at lines 350--351
[][] 
 []



[15 <./figure/unnamed-chunk-13-1.pdf>]
Overfull \hbox (64.49643pt too wide) in paragraph at lines 353--353
[][]\OT1/cmtt/m/n/10 plot[][](x,[][]dnorm[][](x,[][]0[][],[][]1[][]),[][]xlab[]
[]=[][]"x"[][],[][]ylab[][]=[][]"f(x)"[][],[] []type[][]=[][]^^Ml^^M[][],[] []m
ain[][]=[][]"Normal PDF,scale 2"[][])[][] 
 []


Overfull \hbox (64.49643pt too wide) in paragraph at lines 354--354
[][]\OT1/cmtt/m/n/10 plot[][](x,[][]dnorm[][](x,[][]0[][],[][]2[][]),[][]xlab[]
[]=[][]"x"[][],[][]ylab[][]=[][]"f(x)"[][],[] []type[][]=[][]^^Ml^^M[][],[][]ma
in[][]=[][]"Normal PDF, scale 5"[][])[][] 
 []


Overfull \hbox (64.49643pt too wide) in paragraph at lines 355--355
[][]\OT1/cmtt/m/n/10 plot[][](x,[][]dnorm[][](x,[][]0[][],[][]5[][]),[][]xlab[]
[]=[][]"x"[][],[][]ylab[][]=[][]"f(x)"[][],[] []type[][]=[][]^^Ml^^M[][],[][]ma
in[][]=[][]"Normal PDF, scale 5"[][])[][] 
 []

<figure/unnamed-chunk-14-2.pdf, id=137, 505.89pt x 505.89pt>
File: figure/unnamed-chunk-14-2.pdf Graphic file (type pdf)
<use figure/unnamed-chunk-14-2.pdf>
Package pdftex.def Info: figure/unnamed-chunk-14-2.pdf  used on input line 358.

(pdftex.def)             Requested size: 345.0pt x 345.00414pt.

Overfull \hbox (15.0pt too wide) in paragraph at lines 358--360
[][]
 []



[16 <./figure/unnamed-chunk-14-1.pdf>]
Overfull \hbox (64.49643pt too wide) in paragraph at lines 366--366
[][]\OT1/cmtt/m/n/10 plot[][](x,[][]pnorm[][](x,[][]0[][],[][]1[][]),[][]xlab[]
[]=[][]"x"[][],[][]ylab[][]=[][]"f(x)"[][],[] []type[][]=[][]^^Ml^^M[][],[] []m
ain[][]=[][]"Normal CDF scale 1"[][])[][] 
 []


Overfull \hbox (69.74638pt too wide) in paragraph at lines 367--367
[][]\OT1/cmtt/m/n/10 plot[][](x,[][]pnorm[][](x,[][]0[][],[][]2[][]),[][]xlab[]
[]=[][]"x"[][],[] []ylab[][]=[][]"f(x)"[][],[] []type[][]=[][]^^Ml^^M[][],[] []
main[][]=[][]"Normal CDF scale 2"[][])[][] 
 []


Overfull \hbox (69.74638pt too wide) in paragraph at lines 368--368
[][]\OT1/cmtt/m/n/10 plot[][](x,[][]pnorm[][](x,[][]0[][],[][]5[][]),[][]xlab[]
[]=[][]"x"[][],[] []ylab[][]=[][]"f(x)"[][],[] []type[][]=[][]^^Ml^^M[][],[] []
main[][]=[][]"Normal CDF scale 5"[][])[][] 
 []

<figure/unnamed-chunk-15-1.pdf, id=147, 505.89pt x 505.89pt>
File: figure/unnamed-chunk-15-1.pdf Graphic file (type pdf)
<use figure/unnamed-chunk-15-1.pdf>
Package pdftex.def Info: figure/unnamed-chunk-15-1.pdf  used on input line 371.

(pdftex.def)             Requested size: 345.0pt x 345.00414pt.

Overfull \hbox (15.0pt too wide) in paragraph at lines 371--373
[][]
 []



[17 <./figure/unnamed-chunk-14-2.pdf>]

[18 <./figure/unnamed-chunk-15-1.pdf>]
<figure/unnamed-chunk-16-1.pdf, id=166, 505.89pt x 505.89pt>
File: figure/unnamed-chunk-16-1.pdf Graphic file (type pdf)
<use figure/unnamed-chunk-16-1.pdf>
Package pdftex.def Info: figure/unnamed-chunk-16-1.pdf  used on input line 401.

(pdftex.def)             Requested size: 345.0pt x 345.00414pt.

Overfull \hbox (15.0pt too wide) in paragraph at lines 401--403
[][]
 []

<figure/unnamed-chunk-17-1.pdf, id=167, 505.89pt x 505.89pt>
File: figure/unnamed-chunk-17-1.pdf Graphic file (type pdf)
<use figure/unnamed-chunk-17-1.pdf>
Package pdftex.def Info: figure/unnamed-chunk-17-1.pdf  used on input line 422.

(pdftex.def)             Requested size: 345.0pt x 345.00414pt.

Overfull \hbox (15.0pt too wide) in paragraph at lines 422--424
[][]
 []



[19 <./figure/unnamed-chunk-16-1.pdf>]

[20 <./figure/unnamed-chunk-17-1.pdf>]
Overfull \hbox (3.2331pt too wide) in paragraph at lines 517--517
[][]\OT1/cmtt/m/it/10 # The number of bulbs expected to burn for more than 2150
 hours is[][] 
 []



[21]
<figure/unnamed-chunk-27-1.pdf, id=189, 505.89pt x 505.89pt>
File: figure/unnamed-chunk-27-1.pdf Graphic file (type pdf)
<use figure/unnamed-chunk-27-1.pdf>
Package pdftex.def Info: figure/unnamed-chunk-27-1.pdf  used on input line 565.

(pdftex.def)             Requested size: 345.0pt x 345.00414pt.

Overfull \hbox (15.0pt too wide) in paragraph at lines 565--567
[][]
 []



[22]
Underfull \hbox (badness 10000) in paragraph at lines 570--583

 []



[23 <./figure/unnamed-chunk-27-1.pdf>] (Exp5.aux)
 ***********
LaTeX2e <2024-11-01> patch level 2
L3 programming layer <2025-01-18>
 ***********
 ) 
Here is how much of TeX's memory you used:
 2115 strings out of 473523
 36819 string characters out of 5724694
 436276 words of memory out of 5000000
 25355 multiletter control sequences out of 15000+600000
 563455 words of font info for 52 fonts, out of 8000000 for 9000
 1141 hyphenation exceptions out of 8191
 57i,6n,65p,359b,302s stack positions out of 10000i,1000n,20000p,200000b,200000s
 <C:\Users\Vinoth\AppData\Local\MiKTeX\fonts/pk/ljfour/jknappen/ec/dpi600\tcr
m1000.pk><C:/Program Files/MiKTeX/fonts/type1/public/amsfonts/cm/cmbx12.pfb><C:
/Program Files/MiKTeX/fonts/type1/public/amsfonts/cm/cmitt10.pfb><C:/Program Fi
les/MiKTeX/fonts/type1/public/amsfonts/cm/cmmi10.pfb><C:/Program Files/MiKTeX/f
onts/type1/public/amsfonts/cm/cmr10.pfb><C:/Program Files/MiKTeX/fonts/type1/pu
blic/amsfonts/cm/cmr17.pfb><C:/Program Files/MiKTeX/fonts/type1/public/amsfonts
/cm/cmr7.pfb><C:/Program Files/MiKTeX/fonts/type1/public/amsfonts/cm/cmsy10.pfb
><C:/Program Files/MiKTeX/fonts/type1/public/amsfonts/cm/cmtt10.pfb>
Output written on Exp5.pdf (23 pages, 340235 bytes).
PDF statistics:
 240 PDF objects out of 1000 (max. 8388607)
 0 named destinations out of 1000 (max. 500000)
 96 words of extra memory for PDF output out of 10000 (max. 10000000)

